[debug] [2023-01-12T02:55:26.407Z] ----------------------------------------------------------------------
[debug] [2023-01-12T02:55:26.409Z] Command:       C:\Users\REI\AppData\Local\Volta\tools\image\node\14.18.1\node.exe C:\Users\REI\AppData\Roaming\npm\node_modules\firebase-tools\lib\bin\firebase.js init
[debug] [2023-01-12T02:55:26.410Z] CLI Version:   9.16.5
[debug] [2023-01-12T02:55:26.410Z] Platform:      win32
[debug] [2023-01-12T02:55:26.410Z] Node Version:  v14.18.1
[debug] [2023-01-12T02:55:26.411Z] Time:          Thu Jan 12 2023 11:55:26 GMT+0900 (日本標準時)
[debug] [2023-01-12T02:55:26.411Z] ----------------------------------------------------------------------
[debug] 
[debug] [2023-01-12T02:55:26.466Z] > command requires scopes: ["email","openid","https://www.googleapis.com/auth/cloudplatformprojects.readonly","https://www.googleapis.com/auth/firebase","https://www.googleapis.com/auth/cloud-platform"]
[debug] [2023-01-12T02:55:26.467Z] > authorizing via signed-in user (reytom1715@gmail.com)
[info] 
     ######## #### ########  ######## ########     ###     ######  ########
     ##        ##  ##     ## ##       ##     ##  ##   ##  ##       ##
     ######    ##  ########  ######   ########  #########  ######  ######
     ##        ##  ##    ##  ##       ##     ## ##     ##       ## ##
     ##       #### ##     ## ######## ########  ##     ##  ######  ########

You're about to initialize a Firebase project in this directory:

  F:\mineF\programing\TryBlkEdt

Before we get started, keep in mind:

  * You are initializing within an existing Firebase project directory

